C:\USERS\CABRIS\DOCUMENTS\GITHUB\FFMPEGWAPPER\DEBUG\FFMPEGCPPWRAPPER.DLL
C:\Users\Cabris\Documents\GitHub\FFmpegWapper\Debug\FFmpegCppWrapper.exp
C:\USERS\CABRIS\DOCUMENTS\GITHUB\FFMPEGWAPPER\DEBUG\FFMPEGCPPWRAPPER.ILK
C:\Users\Cabris\Documents\GitHub\FFmpegWapper\Debug\FFmpegCppWrapper.lib
C:\USERS\CABRIS\DOCUMENTS\GITHUB\FFMPEGWAPPER\DEBUG\FFMPEGCPPWRAPPER.PDB
C:\Users\Cabris\Documents\GitHub\FFmpegWapper\FFmpegCppWrapper\Debug\cl.command.1.tlog
C:\Users\Cabris\Documents\GitHub\FFmpegWapper\FFmpegCppWrapper\Debug\CL.read.1.tlog
C:\Users\Cabris\Documents\GitHub\FFmpegWapper\FFmpegCppWrapper\Debug\CL.write.1.tlog
C:\USERS\CABRIS\DOCUMENTS\GITHUB\FFMPEGWAPPER\FFMPEGCPPWRAPPER\DEBUG\DLLMAIN.OBJ
C:\USERS\CABRIS\DOCUMENTS\GITHUB\FFMPEGWAPPER\FFMPEGCPPWRAPPER\DEBUG\ENCODERH264.OBJ
C:\USERS\CABRIS\DOCUMENTS\GITHUB\FFMPEGWAPPER\FFMPEGCPPWRAPPER\DEBUG\ENCODETEST.OBJ
C:\Users\Cabris\Documents\GitHub\FFmpegWapper\FFmpegCppWrapper\Debug\FFmpegCppWrapper.dll.embed.manifest
C:\USERS\CABRIS\DOCUMENTS\GITHUB\FFMPEGWAPPER\FFMPEGCPPWRAPPER\DEBUG\FFMPEGCPPWRAPPER.DLL.EMBED.MANIFEST.RES
C:\USERS\CABRIS\DOCUMENTS\GITHUB\FFMPEGWAPPER\FFMPEGCPPWRAPPER\DEBUG\FFMPEGCPPWRAPPER.DLL.INTERMEDIATE.MANIFEST
C:\Users\Cabris\Documents\GitHub\FFmpegWapper\FFmpegCppWrapper\Debug\FFmpegCppWrapper.vcxprojResolveAssemblyReference.cache
C:\Users\Cabris\Documents\GitHub\FFmpegWapper\FFmpegCppWrapper\Debug\FFmpegCppWrapper.write.1.tlog
C:\Users\Cabris\Documents\GitHub\FFmpegWapper\FFmpegCppWrapper\Debug\FFmpegCppWrapper_manifest.rc
C:\Users\Cabris\Documents\GitHub\FFmpegWapper\FFmpegCppWrapper\Debug\link.4100.read.1.tlog
C:\Users\Cabris\Documents\GitHub\FFmpegWapper\FFmpegCppWrapper\Debug\link.4100.write.1.tlog
C:\Users\Cabris\Documents\GitHub\FFmpegWapper\FFmpegCppWrapper\Debug\link.4100-cvtres.read.1.tlog
C:\Users\Cabris\Documents\GitHub\FFmpegWapper\FFmpegCppWrapper\Debug\link.4100-cvtres.write.1.tlog
C:\Users\Cabris\Documents\GitHub\FFmpegWapper\FFmpegCppWrapper\Debug\link.4516.read.1.tlog
C:\Users\Cabris\Documents\GitHub\FFmpegWapper\FFmpegCppWrapper\Debug\link.4516.write.1.tlog
C:\Users\Cabris\Documents\GitHub\FFmpegWapper\FFmpegCppWrapper\Debug\link.4516-cvtres.read.1.tlog
C:\Users\Cabris\Documents\GitHub\FFmpegWapper\FFmpegCppWrapper\Debug\link.4516-cvtres.write.1.tlog
C:\Users\Cabris\Documents\GitHub\FFmpegWapper\FFmpegCppWrapper\Debug\link.command.1.tlog
C:\Users\Cabris\Documents\GitHub\FFmpegWapper\FFmpegCppWrapper\Debug\link.read.1.tlog
C:\Users\Cabris\Documents\GitHub\FFmpegWapper\FFmpegCppWrapper\Debug\link.write.1.tlog
C:\Users\Cabris\Documents\GitHub\FFmpegWapper\FFmpegCppWrapper\Debug\link-cvtres.read.1.tlog
C:\Users\Cabris\Documents\GitHub\FFmpegWapper\FFmpegCppWrapper\Debug\link-cvtres.write.1.tlog
C:\Users\Cabris\Documents\GitHub\FFmpegWapper\FFmpegCppWrapper\Debug\mt.command.1.tlog
C:\Users\Cabris\Documents\GitHub\FFmpegWapper\FFmpegCppWrapper\Debug\mt.read.1.tlog
C:\Users\Cabris\Documents\GitHub\FFmpegWapper\FFmpegCppWrapper\Debug\mt.write.1.tlog
C:\Users\Cabris\Documents\GitHub\FFmpegWapper\FFmpegCppWrapper\Debug\rc.command.1.tlog
C:\Users\Cabris\Documents\GitHub\FFmpegWapper\FFmpegCppWrapper\Debug\rc.read.1.tlog
C:\Users\Cabris\Documents\GitHub\FFmpegWapper\FFmpegCppWrapper\Debug\rc.write.1.tlog
C:\Users\Cabris\Documents\GitHub\FFmpegWapper\FFmpegCppWrapper\Debug\vc100.idb
C:\USERS\CABRIS\DOCUMENTS\GITHUB\FFMPEGWAPPER\FFMPEGCPPWRAPPER\DEBUG\VC100.PDB
C:\USERS\CABRIS\DOCUMENTS\GITHUB\FFMPEGWAPPER\FFMPEGCPPWRAPPER\DEBUG\VIDEOSTREAM.OBJ
C:\USERS\CABRIS\DOCUMENTS\VISUAL STUDIO 2010\PROJECTS\WAPPER\DEBUG\FFMPEGCPPWRAPPER.DLL
C:\Users\Cabris\Documents\Visual Studio 2010\Projects\wapper\Debug\FFmpegCppWrapper.exp
C:\USERS\CABRIS\DOCUMENTS\VISUAL STUDIO 2010\PROJECTS\WAPPER\DEBUG\FFMPEGCPPWRAPPER.ILK
C:\Users\Cabris\Documents\Visual Studio 2010\Projects\wapper\Debug\FFmpegCppWrapper.lib
C:\USERS\CABRIS\DOCUMENTS\VISUAL STUDIO 2010\PROJECTS\WAPPER\DEBUG\FFMPEGCPPWRAPPER.PDB
C:\USERS\CABRIS\DOCUMENTS\VISUAL STUDIO 2010\PROJECTS\WAPPER\FFMPEGCPPWRAPPER\DEBUG\DLLMAIN.OBJ
C:\USERS\CABRIS\DOCUMENTS\VISUAL STUDIO 2010\PROJECTS\WAPPER\FFMPEGCPPWRAPPER\DEBUG\ENCODERH264.OBJ
C:\USERS\CABRIS\DOCUMENTS\VISUAL STUDIO 2010\PROJECTS\WAPPER\FFMPEGCPPWRAPPER\DEBUG\ENCODETEST.OBJ
C:\USERS\CABRIS\DOCUMENTS\VISUAL STUDIO 2010\PROJECTS\WAPPER\FFMPEGCPPWRAPPER\DEBUG\FFMPEGCPPWRAPPER.DLL.EMBED.MANIFEST
C:\USERS\CABRIS\DOCUMENTS\VISUAL STUDIO 2010\PROJECTS\WAPPER\FFMPEGCPPWRAPPER\DEBUG\FFMPEGCPPWRAPPER.DLL.EMBED.MANIFEST.RES
C:\USERS\CABRIS\DOCUMENTS\VISUAL STUDIO 2010\PROJECTS\WAPPER\FFMPEGCPPWRAPPER\DEBUG\FFMPEGCPPWRAPPER.DLL.INTERMEDIATE.MANIFEST
C:\USERS\CABRIS\DOCUMENTS\VISUAL STUDIO 2010\PROJECTS\WAPPER\FFMPEGCPPWRAPPER\DEBUG\VC100.PDB
C:\USERS\CABRIS\DOCUMENTS\VISUAL STUDIO 2010\PROJECTS\WAPPER\FFMPEGCPPWRAPPER\DEBUG\VIDEOSTREAM.OBJ
