Build started 2014/8/12 上午 01:27:24.
     1>Project "C:\Users\Cabris\Documents\Visual Studio 2010\Projects\wapper\FFmpegCppWrapper\FFmpegCppWrapper.vcxproj" on node 2 (build target(s)).
     1>InitializeBuildStatus:
         Creating "Debug\FFmpegCppWrapper.unsuccessfulbuild" because "AlwaysCreate" was specified.
       ClCompile:
         C:\Program Files (x86)\Microsoft Visual Studio 10.0\VC\bin\CL.exe /c /ZI /nologo /W3 /WX- /Od /Oy- /D WIN32 /D _DEBUG /D _WINDOWS /D _USRDLL /D MYWIN32CPPDLL_EXPORTS /D _WINDLL /D _UNICODE /D UNICODE /Gm /EHsc /RTC1 /MDd /GS /fp:precise /Zc:wchar_t /Zc:forScope /Fo"Debug\\" /Fd"Debug\vc100.pdb" /Gd /TP /analyze- /errorReport:prompt EncodeTest.cpp
         EncodeTest.cpp
     1>c:\users\cabris\documents\visual studio 2010\projects\wapper\ffmpegcppwrapper\encodetest.cpp(108): warning C4996: 'fopen': This function or variable may be unsafe. Consider using fopen_s instead. To disable deprecation, use _CRT_SECURE_NO_WARNINGS. See online help for details.
                 c:\program files (x86)\microsoft visual studio 10.0\vc\include\stdio.h(234) : see declaration of 'fopen'
     1>c:\users\cabris\documents\visual studio 2010\projects\wapper\ffmpegcppwrapper\encodetest.cpp(143): warning C4244: '=' : conversion from 'int64_t' to 'uint8_t', possible loss of data
     1>c:\users\cabris\documents\visual studio 2010\projects\wapper\ffmpegcppwrapper\encodetest.cpp(150): warning C4244: '=' : conversion from 'int64_t' to 'uint8_t', possible loss of data
     1>c:\users\cabris\documents\visual studio 2010\projects\wapper\ffmpegcppwrapper\encodetest.cpp(151): warning C4244: '=' : conversion from 'int64_t' to 'uint8_t', possible loss of data
     1>c:\users\cabris\documents\visual studio 2010\projects\wapper\ffmpegcppwrapper\encodetest.cpp(171): warning C4244: 'initializing' : conversion from 'int64_t' to 'int', possible loss of data
       ManifestResourceCompile:
         All outputs are up-to-date.
       Link:
         C:\Program Files (x86)\Microsoft Visual Studio 10.0\VC\bin\link.exe /ERRORREPORT:PROMPT /OUT:"C:\Users\Cabris\Documents\Visual Studio 2010\Projects\wapper\Debug\FFmpegCppWrapper.dll" /INCREMENTAL /NOLOGO avcodec.lib avdevice.lib avfilter.lib avformat.lib avutil.lib postproc.lib swresample.lib swscale.lib kernel32.lib user32.lib gdi32.lib winspool.lib comdlg32.lib advapi32.lib shell32.lib ole32.lib oleaut32.lib uuid.lib odbc32.lib odbccp32.lib /MANIFEST /ManifestFile:"Debug\FFmpegCppWrapper.dll.intermediate.manifest" /MANIFESTUAC:"level='asInvoker' uiAccess='false'" /DEBUG /PDB:"C:\Users\Cabris\Documents\Visual Studio 2010\Projects\wapper\Debug\FFmpegCppWrapper.pdb" /SUBSYSTEM:WINDOWS /TLBID:1 /DYNAMICBASE /NXCOMPAT /IMPLIB:"C:\Users\Cabris\Documents\Visual Studio 2010\Projects\wapper\Debug\FFmpegCppWrapper.lib" /MACHINE:X86 /DLL Debug\FFmpegCppWrapper.dll.embed.manifest.res
         Debug\Dllmain.obj
         Debug\EncoderH264.obj
         Debug\EncodeTest.obj
         Debug\VideoStream.obj
         Debug\VideoStream.obj
       Manifest:
         C:\Program Files (x86)\Microsoft SDKs\Windows\v7.0A\bin\mt.exe /nologo /verbose /out:"Debug\FFmpegCppWrapper.dll.embed.manifest" /manifest Debug\FFmpegCppWrapper.dll.intermediate.manifest
         All outputs are up-to-date.
       LinkEmbedManifest:
         All outputs are up-to-date.
         FFmpegCppWrapper.vcxproj -> C:\Users\Cabris\Documents\Visual Studio 2010\Projects\wapper\Debug\FFmpegCppWrapper.dll
       FinalizeBuildStatus:
         Deleting file "Debug\FFmpegCppWrapper.unsuccessfulbuild".
         Touching "Debug\FFmpegCppWrapper.lastbuildstate".
     1>Done Building Project "C:\Users\Cabris\Documents\Visual Studio 2010\Projects\wapper\FFmpegCppWrapper\FFmpegCppWrapper.vcxproj" (build target(s)).

Build succeeded.

Time Elapsed 00:00:00.47
