C:\USERS\CABRIS\DOCUMENTS\VISUAL STUDIO 2010\PROJECTS\WAPPER\DEBUG\MYWIN32CPPDLL.DLL
C:\Users\Cabris\documents\visual studio 2010\Projects\wapper\Debug\MyWin32CppDLL.exp
C:\USERS\CABRIS\DOCUMENTS\VISUAL STUDIO 2010\PROJECTS\WAPPER\DEBUG\MYWIN32CPPDLL.ILK
C:\Users\Cabris\documents\visual studio 2010\Projects\wapper\Debug\MyWin32CppDLL.lib
C:\USERS\CABRIS\DOCUMENTS\VISUAL STUDIO 2010\PROJECTS\WAPPER\DEBUG\MYWIN32CPPDLL.PDB
C:\Users\Cabris\documents\visual studio 2010\Projects\wapper\MyWin32CppDLL\Debug\cl.command.1.tlog
C:\Users\Cabris\documents\visual studio 2010\Projects\wapper\MyWin32CppDLL\Debug\CL.read.1.tlog
C:\Users\Cabris\documents\visual studio 2010\Projects\wapper\MyWin32CppDLL\Debug\CL.write.1.tlog
C:\USERS\CABRIS\DOCUMENTS\VISUAL STUDIO 2010\PROJECTS\WAPPER\MYWIN32CPPDLL\DEBUG\ENCODETEST.OBJ
C:\Users\Cabris\documents\visual studio 2010\Projects\wapper\MyWin32CppDLL\Debug\link.6636.read.1.tlog
C:\Users\Cabris\documents\visual studio 2010\Projects\wapper\MyWin32CppDLL\Debug\link.6636.write.1.tlog
C:\Users\Cabris\documents\visual studio 2010\Projects\wapper\MyWin32CppDLL\Debug\link.6636-cvtres.read.1.tlog
C:\Users\Cabris\documents\visual studio 2010\Projects\wapper\MyWin32CppDLL\Debug\link.6636-cvtres.write.1.tlog
C:\Users\Cabris\documents\visual studio 2010\Projects\wapper\MyWin32CppDLL\Debug\link.command.1.tlog
C:\Users\Cabris\documents\visual studio 2010\Projects\wapper\MyWin32CppDLL\Debug\link.read.1.tlog
C:\Users\Cabris\documents\visual studio 2010\Projects\wapper\MyWin32CppDLL\Debug\link.write.1.tlog
C:\Users\Cabris\documents\visual studio 2010\Projects\wapper\MyWin32CppDLL\Debug\link-cvtres.read.1.tlog
C:\Users\Cabris\documents\visual studio 2010\Projects\wapper\MyWin32CppDLL\Debug\link-cvtres.write.1.tlog
C:\Users\Cabris\documents\visual studio 2010\Projects\wapper\MyWin32CppDLL\Debug\mt.command.1.tlog
C:\Users\Cabris\documents\visual studio 2010\Projects\wapper\MyWin32CppDLL\Debug\mt.read.1.tlog
C:\Users\Cabris\documents\visual studio 2010\Projects\wapper\MyWin32CppDLL\Debug\mt.write.1.tlog
C:\USERS\CABRIS\DOCUMENTS\VISUAL STUDIO 2010\PROJECTS\WAPPER\MYWIN32CPPDLL\DEBUG\MYWIN32CPPDLL.DLL.EMBED.MANIFEST
C:\USERS\CABRIS\DOCUMENTS\VISUAL STUDIO 2010\PROJECTS\WAPPER\MYWIN32CPPDLL\DEBUG\MYWIN32CPPDLL.DLL.EMBED.MANIFEST.RES
C:\USERS\CABRIS\DOCUMENTS\VISUAL STUDIO 2010\PROJECTS\WAPPER\MYWIN32CPPDLL\DEBUG\MYWIN32CPPDLL.DLL.INTERMEDIATE.MANIFEST
C:\Users\Cabris\documents\visual studio 2010\Projects\wapper\MyWin32CppDLL\Debug\MyWin32CppDLL.write.1.tlog
C:\Users\Cabris\documents\visual studio 2010\Projects\wapper\MyWin32CppDLL\Debug\MyWin32CppDLL_manifest.rc
C:\Users\Cabris\documents\visual studio 2010\Projects\wapper\MyWin32CppDLL\Debug\rc.command.1.tlog
C:\Users\Cabris\documents\visual studio 2010\Projects\wapper\MyWin32CppDLL\Debug\rc.read.1.tlog
C:\Users\Cabris\documents\visual studio 2010\Projects\wapper\MyWin32CppDLL\Debug\rc.write.1.tlog
C:\Users\Cabris\documents\visual studio 2010\Projects\wapper\MyWin32CppDLL\Debug\vc100.idb
C:\USERS\CABRIS\DOCUMENTS\VISUAL STUDIO 2010\PROJECTS\WAPPER\MYWIN32CPPDLL\DEBUG\VC100.PDB
