Build started 2014/8/10 上午 12:28:00.
     1>Project "C:\Users\Cabris\documents\visual studio 2010\Projects\wapper\MyWin32CppDLL\MyWin32CppDLL.vcxproj" on node 2 (rebuild target(s)).
     1>_PrepareForClean:
         Deleting file "Debug\FFmpegCppWrapper.lastbuildstate".
       InitializeBuildStatus:
         Creating "Debug\FFmpegCppWrapper.unsuccessfulbuild" because "AlwaysCreate" was specified.
       ClCompile:
         C:\Program Files (x86)\Microsoft Visual Studio 10.0\VC\bin\CL.exe /c /ZI /nologo /W3 /WX- /Od /Oy- /D WIN32 /D _DEBUG /D _WINDOWS /D _USRDLL /D MYWIN32CPPDLL_EXPORTS /D _WINDLL /D _UNICODE /D UNICODE /Gm /EHsc /RTC1 /MDd /GS /fp:precise /Zc:wchar_t /Zc:forScope /Fo"Debug\\" /Fd"Debug\vc100.pdb" /Gd /TP /analyze- /errorReport:prompt EncodeTest.cpp
         EncodeTest.cpp
     1>c:\users\cabris\documents\visual studio 2010\projects\wapper\mywin32cppdll\encodetest.cpp(106): warning C4996: 'fopen': This function or variable may be unsafe. Consider using fopen_s instead. To disable deprecation, use _CRT_SECURE_NO_WARNINGS. See online help for details.
                 c:\program files (x86)\microsoft visual studio 10.0\vc\include\stdio.h(234) : see declaration of 'fopen'
       ManifestResourceCompile:
         C:\Program Files (x86)\Microsoft SDKs\Windows\v7.0A\bin\rc.exe /nologo /fo"Debug\FFmpegCppWrapper.dll.embed.manifest.res" Debug\FFmpegCppWrapper_manifest.rc 
       Link:
         C:\Program Files (x86)\Microsoft Visual Studio 10.0\VC\bin\link.exe /ERRORREPORT:PROMPT /OUT:"C:\Users\Cabris\documents\visual studio 2010\Projects\wapper\Debug\FFmpegCppWrapper.dll" /INCREMENTAL /NOLOGO avcodec.lib avdevice.lib avfilter.lib avformat.lib avutil.lib postproc.lib swresample.lib swscale.lib kernel32.lib user32.lib gdi32.lib winspool.lib comdlg32.lib advapi32.lib shell32.lib ole32.lib oleaut32.lib uuid.lib odbc32.lib odbccp32.lib /MANIFEST /ManifestFile:"Debug\FFmpegCppWrapper.dll.intermediate.manifest" /MANIFESTUAC:"level='asInvoker' uiAccess='false'" /DEBUG /PDB:"C:\Users\Cabris\documents\visual studio 2010\Projects\wapper\Debug\FFmpegCppWrapper.pdb" /SUBSYSTEM:WINDOWS /TLBID:1 /DYNAMICBASE /NXCOMPAT /IMPLIB:"C:\Users\Cabris\documents\visual studio 2010\Projects\wapper\Debug\FFmpegCppWrapper.lib" /MACHINE:X86 /DLL Debug\FFmpegCppWrapper.dll.embed.manifest.res
         Debug\EncodeTest.obj
            Creating library C:\Users\Cabris\documents\visual studio 2010\Projects\wapper\Debug\FFmpegCppWrapper.lib and object C:\Users\Cabris\documents\visual studio 2010\Projects\wapper\Debug\FFmpegCppWrapper.exp
       Manifest:
         Deleting file "Debug\FFmpegCppWrapper.dll.embed.manifest".
         C:\Program Files (x86)\Microsoft SDKs\Windows\v7.0A\bin\mt.exe /nologo /verbose /out:"Debug\FFmpegCppWrapper.dll.embed.manifest" /manifest Debug\FFmpegCppWrapper.dll.intermediate.manifest
         C:\Program Files (x86)\Microsoft SDKs\Windows\v7.0A\bin\rc.exe /nologo /fo"Debug\FFmpegCppWrapper.dll.embed.manifest.res" Debug\FFmpegCppWrapper_manifest.rc 
       LinkEmbedManifest:
         C:\Program Files (x86)\Microsoft Visual Studio 10.0\VC\bin\link.exe /ERRORREPORT:PROMPT /OUT:"C:\Users\Cabris\documents\visual studio 2010\Projects\wapper\Debug\FFmpegCppWrapper.dll" /INCREMENTAL /NOLOGO avcodec.lib avdevice.lib avfilter.lib avformat.lib avutil.lib postproc.lib swresample.lib swscale.lib kernel32.lib user32.lib gdi32.lib winspool.lib comdlg32.lib advapi32.lib shell32.lib ole32.lib oleaut32.lib uuid.lib odbc32.lib odbccp32.lib /MANIFEST /ManifestFile:"Debug\FFmpegCppWrapper.dll.intermediate.manifest" /MANIFESTUAC:"level='asInvoker' uiAccess='false'" /DEBUG /PDB:"C:\Users\Cabris\documents\visual studio 2010\Projects\wapper\Debug\FFmpegCppWrapper.pdb" /SUBSYSTEM:WINDOWS /TLBID:1 /DYNAMICBASE /NXCOMPAT /IMPLIB:"C:\Users\Cabris\documents\visual studio 2010\Projects\wapper\Debug\FFmpegCppWrapper.lib" /MACHINE:X86 /DLL Debug\FFmpegCppWrapper.dll.embed.manifest.res
         Debug\EncodeTest.obj
            Creating library C:\Users\Cabris\documents\visual studio 2010\Projects\wapper\Debug\FFmpegCppWrapper.lib and object C:\Users\Cabris\documents\visual studio 2010\Projects\wapper\Debug\FFmpegCppWrapper.exp
         MyWin32CppDLL.vcxproj -> C:\Users\Cabris\documents\visual studio 2010\Projects\wapper\Debug\FFmpegCppWrapper.dll
       FinalizeBuildStatus:
         Deleting file "Debug\FFmpegCppWrapper.unsuccessfulbuild".
         Touching "Debug\FFmpegCppWrapper.lastbuildstate".
     1>Done Building Project "C:\Users\Cabris\documents\visual studio 2010\Projects\wapper\MyWin32CppDLL\MyWin32CppDLL.vcxproj" (rebuild target(s)).

Build succeeded.

Time Elapsed 00:00:00.66
