Build started 2015/4/13 下午 02:05:41.
     1>Project "C:\Users\Cabris\Documents\GitHub\FFmpegWapper\StreamingDemoCpp\DemoCpp.vcxproj" on node 2 (rebuild target(s)).
     1>InitializeBuildStatus:
         Creating "Debug\StreamingDemoCpp.unsuccessfulbuild" because "AlwaysCreate" was specified.
       ClCompile:
         C:\Program Files (x86)\Microsoft Visual Studio 10.0\VC\bin\CL.exe /c /ZI /nologo /W3 /WX- /Od /Oy- /D WIN32 /D _DEBUG /D _CONSOLE /D _UNICODE /D UNICODE /Gm /EHsc /RTC1 /MDd /GS /fp:precise /Zc:wchar_t /Zc:forScope /Yc"StdAfx.h" /Fp"Debug\StreamingDemoCpp.pch" /Fo"Debug\\" /Fd"Debug\vc100.pdb" /Gd /TP /analyze- /errorReport:prompt stdafx.cpp
         stdafx.cpp
         C:\Program Files (x86)\Microsoft Visual Studio 10.0\VC\bin\CL.exe /c /ZI /nologo /W3 /WX- /Od /Oy- /D WIN32 /D _DEBUG /D _CONSOLE /D _UNICODE /D UNICODE /Gm /EHsc /RTC1 /MDd /GS /fp:precise /Zc:wchar_t /Zc:forScope /Yu"StdAfx.h" /Fp"Debug\StreamingDemoCpp.pch" /Fo"Debug\\" /Fd"Debug\vc100.pdb" /Gd /TP /analyze- /errorReport:prompt DemoCpp.cpp EncoderH264.cpp StreamTcpServer.cpp
         StreamTcpServer.cpp
         EncoderH264.cpp
         DemoCpp.cpp
     1>c:\users\cabris\documents\github\ffmpegwapper\streamingdemocpp\democpp.cpp(14): warning C4996: 'fopen': This function or variable may be unsafe. Consider using fopen_s instead. To disable deprecation, use _CRT_SECURE_NO_WARNINGS. See online help for details.
                 c:\program files (x86)\microsoft visual studio 10.0\vc\include\stdio.h(234) : see declaration of 'fopen'
         Generating Code...
       ManifestResourceCompile:
         C:\Program Files (x86)\Microsoft SDKs\Windows\v7.0A\bin\rc.exe /nologo /fo"Debug\StreamingDemoCpp.exe.embed.manifest.res" Debug\StreamingDemoCpp_manifest.rc 
       Link:
         C:\Program Files (x86)\Microsoft Visual Studio 10.0\VC\bin\link.exe /ERRORREPORT:PROMPT /OUT:"C:\Users\Cabris\Documents\GitHub\FFmpegWapper\StreamingDemoCpp\Debug\StreamingDemoCpp.exe" /INCREMENTAL /NOLOGO kernel32.lib user32.lib gdi32.lib winspool.lib comdlg32.lib advapi32.lib shell32.lib ole32.lib oleaut32.lib uuid.lib odbc32.lib odbccp32.lib /MANIFEST /ManifestFile:"Debug\StreamingDemoCpp.exe.intermediate.manifest" /MANIFESTUAC:"level='asInvoker' uiAccess='false'" /DEBUG /PDB:"C:\Users\Cabris\Documents\GitHub\FFmpegWapper\StreamingDemoCpp\Debug\StreamingDemoCpp.pdb" /SUBSYSTEM:CONSOLE /TLBID:1 /DYNAMICBASE /NXCOMPAT /IMPLIB:"C:\Users\Cabris\Documents\GitHub\FFmpegWapper\StreamingDemoCpp\Debug\StreamingDemoCpp.lib" /MACHINE:X86 Debug\StreamingDemoCpp.exe.embed.manifest.res
         Debug\DemoCpp.obj
         Debug\EncoderH264.obj
         Debug\stdafx.obj
         Debug\StreamTcpServer.obj
       Manifest:
         Deleting file "Debug\StreamingDemoCpp.exe.embed.manifest".
         C:\Program Files (x86)\Microsoft SDKs\Windows\v7.0A\bin\mt.exe /nologo /verbose /out:"Debug\StreamingDemoCpp.exe.embed.manifest" /manifest Debug\StreamingDemoCpp.exe.intermediate.manifest
         C:\Program Files (x86)\Microsoft SDKs\Windows\v7.0A\bin\rc.exe /nologo /fo"Debug\StreamingDemoCpp.exe.embed.manifest.res" Debug\StreamingDemoCpp_manifest.rc 
       LinkEmbedManifest:
         C:\Program Files (x86)\Microsoft Visual Studio 10.0\VC\bin\link.exe /ERRORREPORT:PROMPT /OUT:"C:\Users\Cabris\Documents\GitHub\FFmpegWapper\StreamingDemoCpp\Debug\StreamingDemoCpp.exe" /INCREMENTAL /NOLOGO kernel32.lib user32.lib gdi32.lib winspool.lib comdlg32.lib advapi32.lib shell32.lib ole32.lib oleaut32.lib uuid.lib odbc32.lib odbccp32.lib /MANIFEST /ManifestFile:"Debug\StreamingDemoCpp.exe.intermediate.manifest" /MANIFESTUAC:"level='asInvoker' uiAccess='false'" /DEBUG /PDB:"C:\Users\Cabris\Documents\GitHub\FFmpegWapper\StreamingDemoCpp\Debug\StreamingDemoCpp.pdb" /SUBSYSTEM:CONSOLE /TLBID:1 /DYNAMICBASE /NXCOMPAT /IMPLIB:"C:\Users\Cabris\Documents\GitHub\FFmpegWapper\StreamingDemoCpp\Debug\StreamingDemoCpp.lib" /MACHINE:X86 Debug\StreamingDemoCpp.exe.embed.manifest.res
         Debug\DemoCpp.obj
         Debug\EncoderH264.obj
         Debug\stdafx.obj
         Debug\StreamTcpServer.obj
         DemoCpp.vcxproj -> C:\Users\Cabris\Documents\GitHub\FFmpegWapper\StreamingDemoCpp\Debug\StreamingDemoCpp.exe
       FinalizeBuildStatus:
         Deleting file "Debug\StreamingDemoCpp.unsuccessfulbuild".
         Touching "Debug\StreamingDemoCpp.lastbuildstate".
     1>Done Building Project "C:\Users\Cabris\Documents\GitHub\FFmpegWapper\StreamingDemoCpp\DemoCpp.vcxproj" (rebuild target(s)).

Build succeeded.

Time Elapsed 00:00:04.14
