C:\Users\Cabris\Documents\GitHub\FFmpegWapper\StreamingDemoCpp\Debug\cl.command.1.tlog
C:\Users\Cabris\Documents\GitHub\FFmpegWapper\StreamingDemoCpp\Debug\CL.read.1.tlog
C:\Users\Cabris\Documents\GitHub\FFmpegWapper\StreamingDemoCpp\Debug\CL.write.1.tlog
C:\Users\Cabris\Documents\GitHub\FFmpegWapper\StreamingDemoCpp\Debug\DemoCpp.exe.embed.manifest
C:\Users\Cabris\Documents\GitHub\FFmpegWapper\StreamingDemoCpp\Debug\DemoCpp.exe.embed.manifest.res
C:\Users\Cabris\Documents\GitHub\FFmpegWapper\StreamingDemoCpp\Debug\DemoCpp.exe.intermediate.manifest
C:\Users\Cabris\Documents\GitHub\FFmpegWapper\StreamingDemoCpp\Debug\DemoCpp.ilk
C:\Users\Cabris\Documents\GitHub\FFmpegWapper\StreamingDemoCpp\Debug\DemoCpp.obj
C:\Users\Cabris\Documents\GitHub\FFmpegWapper\StreamingDemoCpp\Debug\DemoCpp.pch
C:\Users\Cabris\Documents\GitHub\FFmpegWapper\StreamingDemoCpp\Debug\DemoCpp.pdb
C:\Users\Cabris\Documents\GitHub\FFmpegWapper\StreamingDemoCpp\Debug\DemoCpp.vcxprojResolveAssemblyReference.cache
C:\Users\Cabris\Documents\GitHub\FFmpegWapper\StreamingDemoCpp\Debug\DemoCpp.write.1.tlog
C:\Users\Cabris\Documents\GitHub\FFmpegWapper\StreamingDemoCpp\Debug\DemoCpp_manifest.rc
C:\Users\Cabris\Documents\GitHub\FFmpegWapper\StreamingDemoCpp\Debug\EncoderH264.obj
C:\Users\Cabris\Documents\GitHub\FFmpegWapper\StreamingDemoCpp\Debug\link.2240.read.1.tlog
C:\Users\Cabris\Documents\GitHub\FFmpegWapper\StreamingDemoCpp\Debug\link.2240.write.1.tlog
C:\Users\Cabris\Documents\GitHub\FFmpegWapper\StreamingDemoCpp\Debug\link.2240-cvtres.read.1.tlog
C:\Users\Cabris\Documents\GitHub\FFmpegWapper\StreamingDemoCpp\Debug\link.2240-cvtres.write.1.tlog
C:\Users\Cabris\Documents\GitHub\FFmpegWapper\StreamingDemoCpp\Debug\link.command.1.tlog
C:\Users\Cabris\Documents\GitHub\FFmpegWapper\StreamingDemoCpp\Debug\link.read.1.tlog
C:\Users\Cabris\Documents\GitHub\FFmpegWapper\StreamingDemoCpp\Debug\link.write.1.tlog
C:\Users\Cabris\Documents\GitHub\FFmpegWapper\StreamingDemoCpp\Debug\link-cvtres.read.1.tlog
C:\Users\Cabris\Documents\GitHub\FFmpegWapper\StreamingDemoCpp\Debug\link-cvtres.write.1.tlog
C:\Users\Cabris\Documents\GitHub\FFmpegWapper\StreamingDemoCpp\Debug\mt.command.1.tlog
C:\Users\Cabris\Documents\GitHub\FFmpegWapper\StreamingDemoCpp\Debug\mt.read.1.tlog
C:\Users\Cabris\Documents\GitHub\FFmpegWapper\StreamingDemoCpp\Debug\mt.write.1.tlog
C:\Users\Cabris\Documents\GitHub\FFmpegWapper\StreamingDemoCpp\Debug\rc.command.1.tlog
C:\Users\Cabris\Documents\GitHub\FFmpegWapper\StreamingDemoCpp\Debug\rc.read.1.tlog
C:\Users\Cabris\Documents\GitHub\FFmpegWapper\StreamingDemoCpp\Debug\rc.write.1.tlog
C:\Users\Cabris\Documents\GitHub\FFmpegWapper\StreamingDemoCpp\Debug\stdafx.obj
C:\Users\Cabris\Documents\GitHub\FFmpegWapper\StreamingDemoCpp\Debug\StreamTcpServer.obj
C:\Users\Cabris\Documents\GitHub\FFmpegWapper\StreamingDemoCpp\Debug\vc100.idb
C:\Users\Cabris\Documents\GitHub\FFmpegWapper\StreamingDemoCpp\Debug\vc100.pdb
C:\USERS\CABRIS\DOCUMENTS\VISUAL STUDIO 2010\PROJECTS\STREAMINGDEMO\DEMOCPP\DEBUG\DEMOCPP.EXE
C:\USERS\CABRIS\DOCUMENTS\VISUAL STUDIO 2010\PROJECTS\STREAMINGDEMO\DEMOCPP\DEBUG\DEMOCPP.EXE.EMBED.MANIFEST
C:\USERS\CABRIS\DOCUMENTS\VISUAL STUDIO 2010\PROJECTS\STREAMINGDEMO\DEMOCPP\DEBUG\DEMOCPP.EXE.EMBED.MANIFEST.RES
C:\USERS\CABRIS\DOCUMENTS\VISUAL STUDIO 2010\PROJECTS\STREAMINGDEMO\DEMOCPP\DEBUG\DEMOCPP.EXE.INTERMEDIATE.MANIFEST
C:\USERS\CABRIS\DOCUMENTS\VISUAL STUDIO 2010\PROJECTS\STREAMINGDEMO\DEMOCPP\DEBUG\DEMOCPP.ILK
C:\USERS\CABRIS\DOCUMENTS\VISUAL STUDIO 2010\PROJECTS\STREAMINGDEMO\DEMOCPP\DEBUG\DEMOCPP.OBJ
C:\USERS\CABRIS\DOCUMENTS\VISUAL STUDIO 2010\PROJECTS\STREAMINGDEMO\DEMOCPP\DEBUG\DEMOCPP.PCH
C:\USERS\CABRIS\DOCUMENTS\VISUAL STUDIO 2010\PROJECTS\STREAMINGDEMO\DEMOCPP\DEBUG\DEMOCPP.PDB
C:\USERS\CABRIS\DOCUMENTS\VISUAL STUDIO 2010\PROJECTS\STREAMINGDEMO\DEMOCPP\DEBUG\ENCODERH264.OBJ
C:\USERS\CABRIS\DOCUMENTS\VISUAL STUDIO 2010\PROJECTS\STREAMINGDEMO\DEMOCPP\DEBUG\STDAFX.OBJ
C:\USERS\CABRIS\DOCUMENTS\VISUAL STUDIO 2010\PROJECTS\STREAMINGDEMO\DEMOCPP\DEBUG\STREAMTCPSERVER.OBJ
C:\USERS\CABRIS\DOCUMENTS\VISUAL STUDIO 2010\PROJECTS\STREAMINGDEMO\DEMOCPP\DEBUG\VC100.PDB
