C:\Users\Cabris\Documents\GitHub\FFmpegWapper\build/Debug\FFmpegCppWrapper.pdb
C:\Users\Cabris\Documents\GitHub\FFmpegWapper\FFmpegCppWrapper\build\Debug\cl.command.1.tlog
C:\Users\Cabris\Documents\GitHub\FFmpegWapper\FFmpegCppWrapper\build\Debug\CL.read.1.tlog
C:\Users\Cabris\Documents\GitHub\FFmpegWapper\FFmpegCppWrapper\build\Debug\CL.write.1.tlog
C:\USERS\CABRIS\DOCUMENTS\GITHUB\FFMPEGWAPPER\FFMPEGCPPWRAPPER\BUILD\DEBUG\DECODERH264.OBJ
C:\USERS\CABRIS\DOCUMENTS\GITHUB\FFMPEGWAPPER\FFMPEGCPPWRAPPER\BUILD\DEBUG\DLLMAIN.OBJ
C:\USERS\CABRIS\DOCUMENTS\GITHUB\FFMPEGWAPPER\FFMPEGCPPWRAPPER\BUILD\DEBUG\ENCODERH264.OBJ
C:\USERS\CABRIS\DOCUMENTS\GITHUB\FFMPEGWAPPER\FFMPEGCPPWRAPPER\BUILD\DEBUG\ENCODETEST.OBJ
C:\Users\Cabris\Documents\GitHub\FFmpegWapper\FFmpegCppWrapper\build\Debug\FFmpegCppWrapper.dll.embed.manifest
C:\USERS\CABRIS\DOCUMENTS\GITHUB\FFMPEGWAPPER\FFMPEGCPPWRAPPER\BUILD\DEBUG\FFMPEGCPPWRAPPER.DLL.EMBED.MANIFEST.RES
C:\Users\Cabris\Documents\GitHub\FFmpegWapper\FFmpegCppWrapper\build\Debug\FFmpegCppWrapper.dll.intermediate.manifest
C:\Users\Cabris\Documents\GitHub\FFmpegWapper\FFmpegCppWrapper\build\Debug\FFmpegCppWrapper.write.1.tlog
C:\Users\Cabris\Documents\GitHub\FFmpegWapper\FFmpegCppWrapper\build\Debug\FFmpegCppWrapper_manifest.rc
C:\Users\Cabris\Documents\GitHub\FFmpegWapper\FFmpegCppWrapper\build\Debug\link.command.1.tlog
C:\Users\Cabris\Documents\GitHub\FFmpegWapper\FFmpegCppWrapper\build\Debug\link.read.1.tlog
C:\Users\Cabris\Documents\GitHub\FFmpegWapper\FFmpegCppWrapper\build\Debug\link.write.1.tlog
C:\Users\Cabris\Documents\GitHub\FFmpegWapper\FFmpegCppWrapper\build\Debug\link-cvtres.read.1.tlog
C:\Users\Cabris\Documents\GitHub\FFmpegWapper\FFmpegCppWrapper\build\Debug\link-cvtres.write.1.tlog
C:\Users\Cabris\Documents\GitHub\FFmpegWapper\FFmpegCppWrapper\build\Debug\rc.command.1.tlog
C:\Users\Cabris\Documents\GitHub\FFmpegWapper\FFmpegCppWrapper\build\Debug\rc.read.1.tlog
C:\Users\Cabris\Documents\GitHub\FFmpegWapper\FFmpegCppWrapper\build\Debug\rc.write.1.tlog
C:\USERS\CABRIS\DOCUMENTS\GITHUB\FFMPEGWAPPER\FFMPEGCPPWRAPPER\BUILD\DEBUG\RENDERINGPLUGIN.OBJ
C:\Users\Cabris\Documents\GitHub\FFmpegWapper\FFmpegCppWrapper\build\Debug\vc100.idb
C:\USERS\CABRIS\DOCUMENTS\GITHUB\FFMPEGWAPPER\FFMPEGCPPWRAPPER\BUILD\DEBUG\VC100.PDB
C:\USERS\CABRIS\DOCUMENTS\GITHUB\FFMPEGWAPPER\FFMPEGCPPWRAPPER\BUILD\DEBUG\VIDEOSTREAM.OBJ
C:\USERS\CABRIS\DOCUMENTS\GITHUB\FFMPEGWAPPER\FFMPEGCPPWRAPPER\BUILD\DEBUG\VIDEOSTREAM2.OBJ
